-------------------------------------------------------------------------------
Test set: de.dbahn.runners.CukesRunner
-------------------------------------------------------------------------------
Tests run: 1, Failures: 0, Errors: 1, Skipped: 0, Time elapsed: 0.005 s <<< FAILURE! - in de.dbahn.runners.CukesRunner
initializationError(de.dbahn.runners.CukesRunner)  Time elapsed: 0.005 s  <<< ERROR!
io.cucumber.core.exception.CucumberException: Unknown option: --tag

